TN:
SF:src\enums\admin-action.ts
FNF:0
FNH:0
DA:10,1
DA:11,1
DA:12,1
DA:13,1
DA:14,1
DA:15,1
DA:16,1
DA:17,1
LF:8
LH:8
BRF:0
BRH:0
end_of_record
TN:
SF:src\enums\order-status.ts
FNF:0
FNH:0
DA:9,1
DA:10,1
DA:11,1
DA:12,1
DA:13,1
DA:14,1
DA:15,1
LF:7
LH:7
BRF:0
BRH:0
end_of_record
TN:
SF:src\enums\role.ts
FNF:0
FNH:0
DA:7,1
DA:8,1
DA:9,1
DA:10,1
DA:11,1
DA:12,1
DA:17,1
DA:18,1
DA:19,1
DA:20,1
LF:10
LH:10
BRF:0
BRH:0
end_of_record
TN:
SF:src\messages\es.ts
FNF:0
FNH:0
DA:11,1
DA:14,1
DA:15,1
DA:18,1
DA:21,1
DA:24,1
DA:25,1
DA:28,1
DA:31,1
DA:34,1
DA:41,1
DA:42,1
DA:48,1
DA:49,1
DA:52,1
DA:55,1
LF:16
LH:16
BRF:0
BRH:0
end_of_record
TN:
SF:src\messages\etiquetas.ts
FN:43,MSG_EXITO
FN:44,MSG_EXITO
FN:45,MSG_EXITO
FN:46,MSG_EXITO
FN:47,MSG_EXITO
FN:48,MSG_EXITO
FNF:6
FNH:6
FNDA:1,MSG_EXITO
FNDA:1,MSG_EXITO
FNDA:1,MSG_EXITO
FNDA:1,MSG_EXITO
FNDA:1,MSG_EXITO
FNDA:1,MSG_EXITO
DA:1,1
DA:15,1
DA:16,1
DA:17,1
DA:18,1
DA:19,1
DA:20,1
DA:22,1
DA:23,1
DA:24,1
DA:25,1
DA:27,1
DA:28,1
DA:29,1
DA:30,1
DA:31,1
DA:32,1
DA:33,1
DA:42,1
DA:43,1
DA:44,1
DA:45,1
DA:46,1
DA:47,1
DA:48,1
DA:49,1
DA:59,1
LF:27
LH:27
BRDA:43,0,0,1
BRDA:44,1,0,1
BRDA:45,2,0,1
BRDA:46,3,0,1
BRDA:47,4,0,1
BRDA:48,5,0,1
BRF:6
BRH:6
end_of_record
TN:
SF:src\schemas\auth.ts
FNF:0
FNH:0
DA:1,1
DA:15,1
DA:16,1
DA:17,1
DA:18,1
DA:19,1
DA:20,1
DA:21,1
DA:22,1
LF:9
LH:9
BRF:0
BRH:0
end_of_record
TN:
SF:src\schemas\password.ts
FNF:0
FNH:0
DA:1,1
DA:8,1
DA:22,1
DA:23,1
DA:24,1
DA:25,1
DA:26,1
DA:27,1
DA:28,1
LF:9
LH:9
BRDA:26,0,0,28
BRF:1
BRH:1
end_of_record
TN:
SF:src\schemas\query.ts
FN:40,esDiaExistente
FN:82,__vite_ssr_import_0__.z.object.refine.message
FNF:2
FNH:2
FNDA:14,esDiaExistente
FNDA:15,__vite_ssr_import_0__.z.object.refine.message
DA:1,1
DA:13,1
DA:22,1
DA:23,1
DA:24,1
DA:25,1
DA:26,1
DA:27,1
DA:40,14
DA:41,14
DA:42,14
DA:43,14
DA:44,13
DA:45,12
DA:47,14
DA:56,1
DA:57,1
DA:58,1
DA:59,1
DA:60,14
DA:61,14
DA:62,1
DA:75,1
DA:76,1
DA:77,1
DA:78,1
DA:79,1
DA:80,1
DA:81,1
DA:82,1
DA:83,1
DA:84,1
DA:85,1
LF:33
LH:33
BRDA:40,0,0,14
BRDA:43,1,0,13
BRDA:44,2,0,12
BRDA:59,3,0,14
BRDA:82,4,0,15
BRDA:82,5,0,8
BRDA:82,6,0,5
BRF:7
BRH:7
end_of_record
TN:
SF:src\schemas\user.ts
FN:38,errorMap
FN:61,CreateUserSchema.pick.partial.refine.message
FN:70,errorMap
FN:79,errorMap
FNF:4
FNH:4
FNDA:2,errorMap
FNDA:10,CreateUserSchema.pick.partial.refine.message
FNDA:1,errorMap
FNDA:1,errorMap
DA:1,1
DA:19,1
DA:20,1
DA:21,1
DA:22,1
DA:23,1
DA:24,1
DA:25,1
DA:26,1
DA:27,1
DA:28,1
DA:29,1
DA:30,1
DA:31,1
DA:32,1
DA:33,1
DA:34,1
DA:35,1
DA:36,1
DA:37,1
DA:38,1
DA:39,1
DA:40,1
DA:55,1
DA:56,1
DA:57,1
DA:58,1
DA:59,1
DA:60,1
DA:61,1
DA:62,1
DA:63,1
DA:68,1
DA:69,1
DA:70,1
DA:71,1
DA:72,1
DA:77,1
DA:78,1
DA:79,1
DA:80,1
DA:81,1
DA:92,1
DA:93,1
DA:94,1
LF:45
LH:45
BRDA:38,0,0,2
BRDA:61,1,0,10
BRDA:61,2,0,9
BRDA:70,3,0,1
BRDA:79,4,0,1
BRF:5
BRH:5
end_of_record
TN:
SF:src\search\normalizar.ts
FN:26,normalizarBusqueda
FN:42,escaparLike
FNF:2
FNH:2
FNDA:11,normalizarBusqueda
FNDA:5,escaparLike
DA:26,1
DA:27,11
DA:28,11
DA:29,11
DA:30,11
DA:31,11
DA:32,11
DA:33,11
DA:42,1
DA:43,5
DA:44,5
LF:11
LH:11
BRDA:26,0,0,11
BRDA:42,1,0,5
BRDA:43,2,0,4
BRF:3
BRH:3
end_of_record
TN:
SF:src\types\api.ts
FN:1,(empty-report)
FNF:1
FNH:1
FNDA:1,(empty-report)
LF:0
LH:0
BRDA:1,0,0,1
BRF:1
BRH:1
end_of_record
